  main.cpp
main.cpp(58): warning C4305: 'initializing': truncation from 'double' to 'float'
main.cpp(229): warning C4244: 'initializing': conversion from 'double' to 'float', possible loss of data
main.cpp(234): warning C4244: 'initializing': conversion from 'double' to 'float', possible loss of data
main.cpp(248): warning C4244: '=': conversion from 'double' to 'float', possible loss of data
main.cpp(328): warning C4244: 'initializing': conversion from 'double' to 'float', possible loss of data
main.cpp(329): warning C4244: 'initializing': conversion from 'double' to 'float', possible loss of data
main.cpp(565): warning C4244: 'argument': conversion from 'double' to 'float', possible loss of data
main.cpp(587): warning C4305: 'argument': truncation from 'double' to 'float'
main.cpp(633): warning C4244: 'argument': conversion from 'double' to 'float', possible loss of data
main.cpp(648): warning C4244: 'argument': conversion from 'double' to 'float', possible loss of data
main.cpp(680): warning C4244: 'argument': conversion from 'double' to 'float', possible loss of data
main.cpp(861): warning C4305: '-=': truncation from 'double' to 'float'
main.cpp(871): warning C4305: '+=': truncation from 'double' to 'float'
  Generating code
  18 of 272 functions ( 6.6%) were compiled, the rest were copied from previous compilation.
    0 functions were new in current compilation
    0 functions had inline decision re-evaluated but remain unchanged
  Finished generating code
soil.lib(SOIL.obj) : warning LNK4099: PDB 'SOIL.pdb' was not found with 'soil.lib(SOIL.obj)' or at 'U:\My Documents\Visual Studio 2015\Projects\opengl-game\Code\Release\SOIL.pdb'; linking object as if no debug info
soil.lib(image_helper.obj) : warning LNK4099: PDB 'SOIL.pdb' was not found with 'soil.lib(image_helper.obj)' or at 'U:\My Documents\Visual Studio 2015\Projects\opengl-game\Code\Release\SOIL.pdb'; linking object as if no debug info
soil.lib(stb_image_aug.obj) : warning LNK4099: PDB 'SOIL.pdb' was not found with 'soil.lib(stb_image_aug.obj)' or at 'U:\My Documents\Visual Studio 2015\Projects\opengl-game\Code\Release\SOIL.pdb'; linking object as if no debug info
soil.lib(image_DXT.obj) : warning LNK4099: PDB 'SOIL.pdb' was not found with 'soil.lib(image_DXT.obj)' or at 'U:\My Documents\Visual Studio 2015\Projects\opengl-game\Code\Release\SOIL.pdb'; linking object as if no debug info
  Lab 5.vcxproj -> U:\My Documents\Visual Studio 2015\Projects\opengl-game\Code\Release\Lab 5.exe
  Lab 5.vcxproj -> U:\My Documents\Visual Studio 2015\Projects\opengl-game\Code\Release\Lab 5.pdb (Full PDB)
